<?xml version="1.0" encoding="UTF-8"?>

<beans xmlns="http://www.springframework.org/schema/beans"
       xmlns:util="http://www.springframework.org/schema/util"
       xmlns:context="http://www.springframework.org/schema/context"
       xmlns:xsi="http://www.w3.org/2001/XMLSchema-instance"
       xsi:schemaLocation="http://www.springframework.org/schema/beans http://www.springframework.org/schema/beans/spring-beans.xsd
                           http://www.springframework.org/schema/util http://www.springframework.org/schema/util/spring-util-2.5.xsd
                           http://www.springframework.org/schema/context http://www.springframework.org/schema/context/spring-context-2.5.xsd">

   <bean name="statsCollector" class="net.dempsy.monitoring.basic.BasicStatsCollector" />
   
   <!-- input: test adds messages directly to queue, they get delivered to container -->
   <bean id="inputQueue" class="java.util.concurrent.ArrayBlockingQueue">
      <constructor-arg value="16" />
   </bean>

   <bean id="inputTransport"
      class="net.dempsy.messagetransport.blockingqueue.BlockingQueueAdaptor" init-method="start" destroy-method="stop">
      <property name="queue" ref="inputQueue" />
      <property name="listener" ref="container" />
      <property name="failFast" value="${failFast}" />
   </bean>

   <!-- output: dispatcher sends messages to transport wrapping output queue -->
   <bean id="outputQueue" class="java.util.concurrent.LinkedBlockingQueue">
      <!--  <constructor-arg value="16"/> unbounded -->
   </bean>

   <bean id="distributor" class="net.dempsy.container.TestMpContainer$DummyDispatcher">
      <property name="sender">
         <bean id="outputTransport" class="net.dempsy.messagetransport.blockingqueue.BlockingQueueSender">
            <constructor-arg ref="statsCollector" />
            <property name="queue" ref="outputQueue" />
         </bean>
      </property>
   </bean>

   <!-- containers should be explicitly configured, not auto-wired; too much plumbing -->
   <bean id="container" class="net.dempsy.container.Container">
      <constructor-arg ref="testMP" />
      <constructor-arg>
        <bean class="net.dempsy.config.ClusterId">
          <constructor-arg index="0" value="test" />
          <constructor-arg index="1" value="test" />
        </bean>
      </constructor-arg>
      <property name="prototype" ref="testMP" />
      <property name="dispatcher" ref="distributor" />
      <property name="statCollector" ref="statsCollector" />
   </bean>

   <!-- in a real app, these would be inner beans; for testing, we want to access them -->
   <bean id="testMP" class="net.dempsy.container.TestMpContainer$TestProcessor" />

</beans>
